<?xml version="1.0" encoding="UTF-8"?>
<!-- Generated by org.testng.reporters.JUnitXMLReporter -->
<testsuite ignored="0" hostname="DESKTOP-D148JLL" failures="0" tests="3" name="Chrome" time="88.398" errors="0" timestamp="2023-09-10T13:25:15 IST">
  <testcase classname="testngexample.BeforeAfterMethod" name="testPIMCreation" time="0.003"/>
  <testcase classname="testngexample.BeforeAfterMethod" name="testPIMDeletion" time="0.003"/>
  <testcase classname="advancetestng.ParallelExecutionTest" name="testLoginOfVtiger" time="88.387"/>
</testsuite> <!-- Chrome -->
