<?xml version="1.0" encoding="UTF-8"?>
<!-- Generated by org.testng.reporters.JUnitXMLReporter -->
<testsuite ignored="2" hostname="DESKTOP-D148JLL" failures="0" tests="2" name="Testing Parameterization" time="19.577" errors="0" timestamp="2023-09-10T12:15:27 IST">
  <testcase classname="advancetestng.Parameterization" name="testCaseOne" time="0.014"/>
  <testcase classname="advancetestng.Parameterization" name="testLoginOfVtiger" time="19.488"/>
  <testcase classname="advancetestng.Parameterization" name="testCaseTwo" time="0.0">
    <ignored/>
  </testcase> <!-- testCaseTwo -->
  <testcase classname="advancetestng.Parameterization" name="testCaseThree" time="0.0">
    <ignored/>
  </testcase> <!-- testCaseThree -->
</testsuite> <!-- Testing Parameterization -->
