<?xml version="1.0" encoding="UTF-8"?>
<!-- Generated by org.testng.reporters.JUnitXMLReporter -->
<testsuite ignored="2" hostname="DESKTOP-D148JLL" failures="0" tests="8" name="testing" time="0.176" errors="0" timestamp="2023-09-10T11:09:27 IST">
  <testcase classname="advancetestng.GroupExamples" name="testCaseFive" time="0.018"/>
  <testcase classname="advancetestng.GroupExamples" name="testCaseFour" time="0.002"/>
  <testcase classname="advancetestng.GroupExamples" name="testCaseOne" time="0.003"/>
  <testcase classname="advancetestng.GroupExamples" name="testCaseTwo" time="0.003"/>
  <testcase classname="advancetestng.GroupExample2" name="testLeads" time="0.005"/>
  <testcase classname="advancetestng.GroupExample2" name="testLogin" time="0.014"/>
  <testcase classname="advancetestng.GroupExample2" name="testSignIn" time="0.002"/>
  <testcase classname="advancetestng.GroupExample2" name="testTask" time="0.004"/>
  <testcase classname="advancetestng.GroupExamples" name="testCaseThree" time="0.0">
    <ignored/>
  </testcase> <!-- testCaseThree -->
  <testcase classname="advancetestng.GroupExample2" name="testPIM" time="0.0">
    <ignored/>
  </testcase> <!-- testPIM -->
</testsuite> <!-- testing -->
